<?xml version="1.0" encoding="UTF-8"?>
<testsuites name="Mocha Tests" time="0.0000" tests="1" failures="1">
  <testsuite name="Root Suite" timestamp="2022-04-28T13:57:08" tests="0" file="cypress/integration/6-Drop-down lists/drop-down.js" time="0.0000" failures="0">
  </testsuite>
  <testsuite name="Interact with drop-down list" timestamp="2022-04-28T13:57:08" tests="1" time="29.8010" failures="1">
    <testcase name="Interact with drop-down list Select specific values in drop-down list on Chemsoft" time="0.0000" classname="Select specific values in drop-down list on Chemsoft">
      <failure message="Timed out retrying after 15000ms: Expected to find element: `.col`, but never found it." type="AssertionError"><![CDATA[AssertionError: Timed out retrying after 15000ms: Expected to find element: `.col`, but never found it.
    at Context.eval (https://dev04/__cypress/tests?p=cypress\integration\6-Drop-down%20lists\drop-down.js:145:20)]]></failure>
    </testcase>
  </testsuite>
</testsuites>